<?xml version="1.0" encoding="UTF-8"?>
<!-- Generated by org.testng.reporters.JUnitReportReporter -->
<testsuite hostname="DESKTOP-I808PHS" name="SeleniumPractice.TC_5130" tests="2" failures="0" timestamp="17 Feb 2020 16:53:41 GMT" time="0.043" errors="0">
  <testcase name="meth3" time="0.005" classname="SeleniumPractice.TC_5130"/>
  <testcase name="meth1" time="0.038" classname="SeleniumPractice.TC_5130"/>
</testsuite> <!-- SeleniumPractice.TC_5130 -->
