<?xml version="1.0" encoding="UTF-8"?>
<!-- Generated by org.testng.reporters.JUnitReportReporter -->
<testsuite hostname="DESKTOP-I808PHS" name="SeleniumPractice.NewTest" tests="2" failures="0" timestamp="21 Feb 2020 07:27:38 GMT" time="312.497" errors="0">
  <testcase name="FBlogin" time="44.781" classname="SeleniumPractice.NewTest"/>
  <testcase name="FBlogin" time="267.716" classname="SeleniumPractice.NewTest"/>
</testsuite> <!-- SeleniumPractice.NewTest -->
