<?xml version="1.0" encoding="UTF-8"?>
<!-- Generated by org.testng.reporters.JUnitReportReporter -->
<testsuite hostname="DESKTOP-I808PHS" name="SeleniumPractice.FBExLogin" tests="1" failures="0" timestamp="21 Feb 2020 09:34:10 GMT" time="132.073" errors="0">
  <testcase name="Login" time="132.073" classname="SeleniumPractice.FBExLogin"/>
</testsuite> <!-- SeleniumPractice.FBExLogin -->
