<?xml version="1.0" encoding="UTF-8"?>
<!-- Generated by org.testng.reporters.JUnitReportReporter -->
<testsuite hostname="DESKTOP-I808PHS" name="SeleniumPractice.NewTest1" tests="1" failures="0" timestamp="21 Feb 2020 10:12:23 GMT" time="110.983" errors="0">
  <testcase name="Login" time="110.983" classname="SeleniumPractice.NewTest1"/>
</testsuite> <!-- SeleniumPractice.NewTest1 -->
